  [1m[35m (99.0ms)[0m  [1m[35mCREATE DATABASE "associations_exercise_development" ENCODING = 'unicode'[0m
  [1m[35m (86.2ms)[0m  [1m[35mCREATE DATABASE "associations_exercise_test" ENCODING = 'unicode'[0m
  [1m[35m (4.7ms)[0m  [1m[35mCREATE TABLE "schema_migrations" ("version" character varying NOT NULL PRIMARY KEY)[0m
  [1m[35m (1.9ms)[0m  [1m[35mCREATE TABLE "ar_internal_metadata" ("key" character varying NOT NULL PRIMARY KEY, "value" character varying, "created_at" timestamp(6) NOT NULL, "updated_at" timestamp(6) NOT NULL)[0m
  [1m[35m (0.2ms)[0m  [1m[34mSELECT pg_try_advisory_lock(8485079227135950285)[0m
  [1m[36mActiveRecord::SchemaMigration Pluck (0.4ms)[0m  [1m[34mSELECT "schema_migrations"."version" FROM "schema_migrations" ORDER BY "schema_migrations"."version" ASC[0m
Migrating to CreateUsers (20220416215226)
  [1m[36mTRANSACTION (0.2ms)[0m  [1m[35mBEGIN[0m
  [1m[35m (3.2ms)[0m  [1m[35mCREATE TABLE "users" ("id" bigserial primary key, "name" character varying NOT NULL, "created_at" timestamp(6) NOT NULL, "updated_at" timestamp(6) NOT NULL)[0m
  [1m[36mActiveRecord::SchemaMigration Create (0.9ms)[0m  [1m[32mINSERT INTO "schema_migrations" ("version") VALUES ($1) RETURNING "version"[0m  [["version", "20220416215226"]]
  [1m[36mTRANSACTION (0.4ms)[0m  [1m[35mCOMMIT[0m
Migrating to CreateEnrollments (20220416215236)
  [1m[36mTRANSACTION (0.3ms)[0m  [1m[35mBEGIN[0m
  [1m[35m (1.8ms)[0m  [1m[35mCREATE TABLE "enrollments" ("id" bigserial primary key, "course_id" integer NOT NULL, "student_id" integer NOT NULL, "created_at" timestamp(6) NOT NULL, "updated_at" timestamp(6) NOT NULL)[0m
  [1m[35m (1.0ms)[0m  [1m[35mCREATE INDEX "index_enrollments_on_course_id" ON "enrollments" ("course_id")[0m
  [1m[35m (1.1ms)[0m  [1m[35mCREATE INDEX "index_enrollments_on_student_id" ON "enrollments" ("student_id")[0m
  [1m[36mActiveRecord::SchemaMigration Create (0.3ms)[0m  [1m[32mINSERT INTO "schema_migrations" ("version") VALUES ($1) RETURNING "version"[0m  [["version", "20220416215236"]]
  [1m[36mTRANSACTION (0.4ms)[0m  [1m[35mCOMMIT[0m
Migrating to CreateCourses (20220416215244)
  [1m[36mTRANSACTION (0.9ms)[0m  [1m[35mBEGIN[0m
  [1m[35m (3.6ms)[0m  [1m[35mCREATE TABLE "courses" ("id" bigserial primary key, "name" character varying NOT NULL, "prereq_id" integer, "instructor_id" integer NOT NULL, "created_at" timestamp(6) NOT NULL, "updated_at" timestamp(6) NOT NULL)[0m
  [1m[35m (0.9ms)[0m  [1m[35mCREATE INDEX "index_courses_on_prereq_id" ON "courses" ("prereq_id")[0m
  [1m[36mTRANSACTION (2.0ms)[0m  [1m[31mROLLBACK[0m
  [1m[35m (0.5ms)[0m  [1m[34mSELECT pg_advisory_unlock(8485079227135950285)[0m
  [1m[35m (0.1ms)[0m  [1m[34mSELECT pg_try_advisory_lock(8485079227135950285)[0m
  [1m[36mActiveRecord::SchemaMigration Pluck (0.4ms)[0m  [1m[34mSELECT "schema_migrations"."version" FROM "schema_migrations" ORDER BY "schema_migrations"."version" ASC[0m
Migrating to CreateCourses (20220416215244)
  [1m[36mTRANSACTION (0.1ms)[0m  [1m[35mBEGIN[0m
  [1m[35m (3.0ms)[0m  [1m[35mCREATE TABLE "courses" ("id" bigserial primary key, "name" character varying NOT NULL, "prereq_id" integer, "instructor_id" integer NOT NULL, "created_at" timestamp(6) NOT NULL, "updated_at" timestamp(6) NOT NULL)[0m
  [1m[35m (0.8ms)[0m  [1m[35mCREATE INDEX "index_courses_on_prereq_id" ON "courses" ("prereq_id")[0m
  [1m[35m (0.6ms)[0m  [1m[35mCREATE INDEX "index_courses_on_instructor_id" ON "courses" ("instructor_id")[0m
  [1m[36mActiveRecord::SchemaMigration Create (0.3ms)[0m  [1m[32mINSERT INTO "schema_migrations" ("version") VALUES ($1) RETURNING "version"[0m  [["version", "20220416215244"]]
  [1m[36mTRANSACTION (0.4ms)[0m  [1m[35mCOMMIT[0m
  [1m[36mActiveRecord::InternalMetadata Load (0.2ms)[0m  [1m[34mSELECT "ar_internal_metadata".* FROM "ar_internal_metadata" WHERE "ar_internal_metadata"."key" = $1 LIMIT $2[0m  [["key", "environment"], ["LIMIT", 1]]
  [1m[36mTRANSACTION (0.1ms)[0m  [1m[35mBEGIN[0m
  [1m[36mActiveRecord::InternalMetadata Create (0.4ms)[0m  [1m[32mINSERT INTO "ar_internal_metadata" ("key", "value", "created_at", "updated_at") VALUES ($1, $2, $3, $4) RETURNING "key"[0m  [["key", "environment"], ["value", "development"], ["created_at", "2022-04-16 21:56:03.415832"], ["updated_at", "2022-04-16 21:56:03.415832"]]
  [1m[36mTRANSACTION (0.3ms)[0m  [1m[35mCOMMIT[0m
  [1m[35m (0.2ms)[0m  [1m[34mSELECT pg_advisory_unlock(8485079227135950285)[0m
  [1m[36mActiveRecord::SchemaMigration Pluck (0.6ms)[0m  [1m[34mSELECT "schema_migrations"."version" FROM "schema_migrations" ORDER BY "schema_migrations"."version" ASC[0m
  [1m[36mActiveRecord::SchemaMigration Pluck (0.4ms)[0m  [1m[34mSELECT "schema_migrations"."version" FROM "schema_migrations" ORDER BY "schema_migrations"."version" ASC[0m
  [1m[36mActiveRecord::SchemaMigration Pluck (0.5ms)[0m  [1m[34mSELECT "schema_migrations"."version" FROM "schema_migrations" ORDER BY "schema_migrations"."version" ASC[0m
  [1m[36mActiveRecord::SchemaMigration Pluck (0.4ms)[0m  [1m[34mSELECT "schema_migrations"."version" FROM "schema_migrations" ORDER BY "schema_migrations"."version" ASC[0m
  [1m[36mTRANSACTION (0.1ms)[0m  [1m[35mBEGIN[0m
  [1m[36mUser Load (0.4ms)[0m  [1m[34mSELECT "users".* FROM "users"[0m
  [1m[36mUser Create (0.4ms)[0m  [1m[32mINSERT INTO "users" ("name", "created_at", "updated_at") VALUES ($1, $2, $3) RETURNING "id"[0m  [["name", "CJ"], ["created_at", "2022-04-16 21:59:55.395535"], ["updated_at", "2022-04-16 21:59:55.395535"]]
  [1m[36mUser Create (0.1ms)[0m  [1m[32mINSERT INTO "users" ("name", "created_at", "updated_at") VALUES ($1, $2, $3) RETURNING "id"[0m  [["name", "Flarnie"], ["created_at", "2022-04-16 21:59:55.397469"], ["updated_at", "2022-04-16 21:59:55.397469"]]
  [1m[36mUser Create (0.1ms)[0m  [1m[32mINSERT INTO "users" ("name", "created_at", "updated_at") VALUES ($1, $2, $3) RETURNING "id"[0m  [["name", "Jeff"], ["created_at", "2022-04-16 21:59:55.398413"], ["updated_at", "2022-04-16 21:59:55.398413"]]
  [1m[36mUser Create (0.1ms)[0m  [1m[32mINSERT INTO "users" ("name", "created_at", "updated_at") VALUES ($1, $2, $3) RETURNING "id"[0m  [["name", "Georges St. Pierre"], ["created_at", "2022-04-16 21:59:55.399342"], ["updated_at", "2022-04-16 21:59:55.399342"]]
  [1m[36mUser Create (0.1ms)[0m  [1m[32mINSERT INTO "users" ("name", "created_at", "updated_at") VALUES ($1, $2, $3) RETURNING "id"[0m  [["name", "Ned"], ["created_at", "2022-04-16 21:59:55.400396"], ["updated_at", "2022-04-16 21:59:55.400396"]]
  [1m[36mCourse Load (0.4ms)[0m  [1m[34mSELECT "courses".* FROM "courses"[0m
  [1m[36mCourse Create (0.3ms)[0m  [1m[32mINSERT INTO "courses" ("name", "prereq_id", "instructor_id", "created_at", "updated_at") VALUES ($1, $2, $3, $4, $5) RETURNING "id"[0m  [["name", "Ruby 101"], ["prereq_id", nil], ["instructor_id", 5], ["created_at", "2022-04-16 21:59:55.407602"], ["updated_at", "2022-04-16 21:59:55.407602"]]
  [1m[36mCourse Create (0.1ms)[0m  [1m[32mINSERT INTO "courses" ("name", "prereq_id", "instructor_id", "created_at", "updated_at") VALUES ($1, $2, $3, $4, $5) RETURNING "id"[0m  [["name", "Ruby 102"], ["prereq_id", 1], ["instructor_id", 5], ["created_at", "2022-04-16 21:59:55.409065"], ["updated_at", "2022-04-16 21:59:55.409065"]]
  [1m[36mEnrollment Load (0.3ms)[0m  [1m[34mSELECT "enrollments".* FROM "enrollments"[0m
  [1m[36mEnrollment Create (0.3ms)[0m  [1m[32mINSERT INTO "enrollments" ("course_id", "student_id", "created_at", "updated_at") VALUES ($1, $2, $3, $4) RETURNING "id"[0m  [["course_id", 1], ["student_id", 3], ["created_at", "2022-04-16 21:59:55.415819"], ["updated_at", "2022-04-16 21:59:55.415819"]]
  [1m[36mEnrollment Create (0.1ms)[0m  [1m[32mINSERT INTO "enrollments" ("course_id", "student_id", "created_at", "updated_at") VALUES ($1, $2, $3, $4) RETURNING "id"[0m  [["course_id", 1], ["student_id", 4], ["created_at", "2022-04-16 21:59:55.417196"], ["updated_at", "2022-04-16 21:59:55.417196"]]
  [1m[36mEnrollment Create (0.1ms)[0m  [1m[32mINSERT INTO "enrollments" ("course_id", "student_id", "created_at", "updated_at") VALUES ($1, $2, $3, $4) RETURNING "id"[0m  [["course_id", 2], ["student_id", 1], ["created_at", "2022-04-16 21:59:55.418165"], ["updated_at", "2022-04-16 21:59:55.418165"]]
  [1m[36mEnrollment Create (0.1ms)[0m  [1m[32mINSERT INTO "enrollments" ("course_id", "student_id", "created_at", "updated_at") VALUES ($1, $2, $3, $4) RETURNING "id"[0m  [["course_id", 2], ["student_id", 2], ["created_at", "2022-04-16 21:59:55.419124"], ["updated_at", "2022-04-16 21:59:55.419124"]]
  [1m[36mTRANSACTION (0.4ms)[0m  [1m[35mCOMMIT[0m
  [1m[36mEnrollment Load (0.5ms)[0m  [1m[34mSELECT "enrollments".* FROM "enrollments" ORDER BY "enrollments"."id" ASC LIMIT $1[0m  [["LIMIT", 1]]
  [1m[36mUser Load (0.3ms)[0m  [1m[34mSELECT "users".* FROM "users" WHERE "users"."id" = $1 LIMIT $2[0m  [["id", 3], ["LIMIT", 1]]
  [1m[36mEnrollment Load (0.3ms)[0m  [1m[34mSELECT "enrollments".* FROM "enrollments" ORDER BY "enrollments"."id" ASC LIMIT $1[0m  [["LIMIT", 1]]
  [1m[36mCourse Load (0.4ms)[0m  [1m[34mSELECT "courses".* FROM "courses" WHERE "courses"."id" = $1 LIMIT $2[0m  [["id", 1], ["LIMIT", 1]]
  [1m[36mUser Load (0.1ms)[0m  [1m[34mSELECT "users".* FROM "users" ORDER BY "users"."id" ASC LIMIT $1[0m  [["LIMIT", 1]]
  [1m[36mEnrollment Load (0.4ms)[0m  [1m[34mSELECT "enrollments".* FROM "enrollments" WHERE "enrollments"."student_id" = $1[0m  [["student_id", 1]]
  [1m[36mEnrollment Load (0.2ms)[0m  [1m[34mSELECT "enrollments".* FROM "enrollments" ORDER BY "enrollments"."id" ASC LIMIT $1[0m  [["LIMIT", 1]]
  [1m[36mUser Load (0.2ms)[0m  [1m[34mSELECT "users".* FROM "users" WHERE "users"."id" = $1 LIMIT $2[0m  [["id", 3], ["LIMIT", 1]]
  [1m[36mEnrollment Load (0.3ms)[0m  [1m[34mSELECT "enrollments".* FROM "enrollments" ORDER BY "enrollments"."id" ASC LIMIT $1[0m  [["LIMIT", 1]]
  [1m[36mCourse Load (0.2ms)[0m  [1m[34mSELECT "courses".* FROM "courses" WHERE "courses"."id" = $1 LIMIT $2[0m  [["id", 1], ["LIMIT", 1]]
  [1m[36mCourse Load (0.2ms)[0m  [1m[34mSELECT "courses".* FROM "courses" ORDER BY "courses"."id" ASC LIMIT $1[0m  [["LIMIT", 1]]
  [1m[36mEnrollment Load (0.2ms)[0m  [1m[34mSELECT "enrollments".* FROM "enrollments" WHERE "enrollments"."course_id" = $1[0m  [["course_id", 1]]
  [1m[36mCourse Load (0.2ms)[0m  [1m[34mSELECT "courses".* FROM "courses" ORDER BY "courses"."id" ASC LIMIT $1[0m  [["LIMIT", 1]]
  [1m[36mEnrollment Load (0.2ms)[0m  [1m[34mSELECT "enrollments".* FROM "enrollments" WHERE "enrollments"."course_id" = $1[0m  [["course_id", 1]]
  [1m[36mCourse Load (0.3ms)[0m  [1m[34mSELECT "courses".* FROM "courses" ORDER BY "courses"."id" ASC LIMIT $1[0m  [["LIMIT", 1]]
  [1m[36mUser Load (0.4ms)[0m  [1m[34mSELECT "users".* FROM "users" INNER JOIN "enrollments" ON "users"."id" = "enrollments"."student_id" WHERE "enrollments"."course_id" = $1[0m  [["course_id", 1]]
  [1m[36mCourse Load (0.1ms)[0m  [1m[34mSELECT "courses".* FROM "courses" ORDER BY "courses"."id" ASC LIMIT $1[0m  [["LIMIT", 1]]
  [1m[36mCourse Load (0.3ms)[0m  [1m[34mSELECT "courses".* FROM "courses" ORDER BY "courses"."id" ASC LIMIT $1[0m  [["LIMIT", 1]]
  [1m[36mCourse Load (0.2ms)[0m  [1m[34mSELECT "courses".* FROM "courses" ORDER BY "courses"."id" ASC LIMIT $1 OFFSET $2[0m  [["LIMIT", 1], ["OFFSET", 1]]
  [1m[36mCourse Load (0.2ms)[0m  [1m[34mSELECT "courses".* FROM "courses" WHERE "courses"."id" = $1 LIMIT $2[0m  [["id", 1], ["LIMIT", 1]]
  [1m[36mCourse Load (0.1ms)[0m  [1m[34mSELECT "courses".* FROM "courses" ORDER BY "courses"."id" ASC LIMIT $1[0m  [["LIMIT", 1]]
  [1m[36mUser Load (0.1ms)[0m  [1m[34mSELECT "users".* FROM "users" WHERE "users"."id" = $1 LIMIT $2[0m  [["id", 5], ["LIMIT", 1]]
  [1m[36mCourse Load (0.3ms)[0m  [1m[34mSELECT "courses".* FROM "courses" ORDER BY "courses"."id" ASC LIMIT $1 OFFSET $2[0m  [["LIMIT", 1], ["OFFSET", 1]]
  [1m[36mUser Load (0.1ms)[0m  [1m[34mSELECT "users".* FROM "users" WHERE "users"."id" = $1 LIMIT $2[0m  [["id", 5], ["LIMIT", 1]]
